#
# There is insufficient memory for the Java Runtime Environment to continue.
# Native memory allocation (malloc) failed to allocate 32744 bytes for ChunkPool::allocate
# Possible reasons:
#   The system is out of physical RAM or swap space
#   The process is running with CompressedOops enabled, and the Java Heap may be blocking the growth of the native heap
# Possible solutions:
#   Reduce memory load on the system
#   Increase physical memory or swap space
#   Check if swap backing store is full
#   Decrease Java heap size (-Xmx/-Xms)
#   Decrease number of Java threads
#   Decrease Java thread stack sizes (-Xss)
#   Set larger code cache with -XX:ReservedCodeCacheSize=
#   JVM is running with Unscaled Compressed Oops mode in which the Java heap is
#     placed in the first 4GB address space. The Java Heap base address is the
#     maximum limit for the native heap growth. Please use -XX:HeapBaseMinAddress
#     to set the Java Heap base and to place the Java Heap above 4GB virtual address.
# This output file may be truncated or incomplete.
#
#  Out of Memory Error (allocation.cpp:272), pid=9476, tid=0x0000000000002a54
#
# JRE version: Java(TM) SE Runtime Environment (8.0_202-b08) (build 1.8.0_202-b08)
# Java VM: Java HotSpot(TM) 64-Bit Server VM (25.202-b08 mixed mode windows-amd64 compressed oops)
# Failed to write core dump. Minidumps are not enabled by default on client versions of Windows
#

---------------  T H R E A D  ---------------

Current thread (0x0000000015374800):  JavaThread "C1 CompilerThread3" daemon [_thread_in_native, id=10836, stack(0x0000000015f30000,0x0000000016030000)]

Stack: [0x0000000015f30000,0x0000000016030000]
[error occurred during error reporting (printing stack bounds), id 0xc0000005]

Native frames: (J=compiled Java code, j=interpreted, Vv=VM code, C=native code)


Current CompileTask:
C1:  46940 1360       3       org.gradle.internal.logging.console.WorkInProgressRenderer::renderNow (351 bytes)


---------------  P R O C E S S  ---------------

Java Threads: ( => current thread )
  0x0000000015453800 JavaThread "Forward input" [_thread_blocked, id=10440, stack(0x0000000018440000,0x0000000018540000)]
  0x0000000015402000 JavaThread "DisconnectableInputStream source reader" daemon [_thread_in_native, id=1088, stack(0x0000000018340000,0x0000000018440000)]
  0x0000000016b4f000 JavaThread "pool-1-thread-1" [_thread_blocked, id=6920, stack(0x0000000017a00000,0x0000000017b00000)]
  0x00000000153c7000 JavaThread "Service Thread" daemon [_thread_blocked, id=3012, stack(0x0000000016030000,0x0000000016130000)]
=>0x0000000015374800 JavaThread "C1 CompilerThread3" daemon [_thread_in_native, id=10836, stack(0x0000000015f30000,0x0000000016030000)]
  0x0000000015365000 JavaThread "C2 CompilerThread2" daemon [_thread_blocked, id=12016, stack(0x0000000015e30000,0x0000000015f30000)]
  0x0000000015360000 JavaThread "C2 CompilerThread1" daemon [_thread_blocked, id=19452, stack(0x0000000015d30000,0x0000000015e30000)]
  0x000000001535c800 JavaThread "C2 CompilerThread0" daemon [_thread_blocked, id=16316, stack(0x0000000015c30000,0x0000000015d30000)]
  0x000000001535a000 JavaThread "Attach Listener" daemon [_thread_blocked, id=12420, stack(0x0000000015b30000,0x0000000015c30000)]
  0x000000001355e800 JavaThread "Signal Dispatcher" daemon [_thread_blocked, id=18696, stack(0x0000000015a30000,0x0000000015b30000)]
  0x0000000015350800 JavaThread "Finalizer" daemon [_thread_blocked, id=10992, stack(0x0000000015830000,0x0000000015930000)]
  0x0000000002d98000 JavaThread "Reference Handler" daemon [_thread_blocked, id=19084, stack(0x0000000015730000,0x0000000015830000)]
  0x0000000002ca2800 JavaThread "main" [_thread_in_native, id=14552, stack(0x0000000002ab0000,0x0000000002bb0000)]

Other Threads:
  0x0000000013548000 VMThread [stack: 0x0000000015230000,0x0000000015330000] [id=20612]
  0x0000000015403800 WatcherThread [stack: 0x0000000016130000,0x0000000016230000] [id=21420]

VM state:not at safepoint (normal execution)

VM Mutex/Monitor currently owned by a thread: None

heap address: 0x00000000fc000000, size: 64 MB, Compressed Oops mode: 32-bit
Narrow klass base: 0x0000000000000000, Narrow klass shift: 3
Compressed class space size: 1073741824 Address: 0x0000000100000000

Heap:
 PSYoungGen      total 18944K, used 4675K [0x00000000feb00000, 0x0000000100000000, 0x0000000100000000)
  eden space 16384K, 13% used [0x00000000feb00000,0x00000000fed18c68,0x00000000ffb00000)
  from space 2560K, 98% used [0x00000000ffb00000,0x00000000ffd78040,0x00000000ffd80000)
  to   space 2560K, 0% used [0x00000000ffd80000,0x00000000ffd80000,0x0000000100000000)
 ParOldGen       total 44032K, used 3871K [0x00000000fc000000, 0x00000000feb00000, 0x00000000feb00000)
  object space 44032K, 8% used [0x00000000fc000000,0x00000000fc3c7e60,0x00000000feb00000)
 Metaspace       used 12491K, capacity 12772K, committed 13056K, reserved 1060864K
  class space    used 1631K, capacity 1768K, committed 1792K, reserved 1048576K

Card table byte_map: [0x0000000000fd0000,0x0000000001000000] byte_map_base: 0x00000000007f0000

Marking Bits: (ParMarkBitMap*) 0x00000000687b5ce0
 Begin Bits: [0x0000000012960000, 0x0000000012a60000)
 End Bits:   [0x0000000012a60000, 0x0000000012b60000)

Polling page: 0x0000000000fa0000

CodeCache: size=245760Kb used=4505Kb max_used=4505Kb free=241254Kb
 bounds [0x0000000002da0000, 0x0000000003210000, 0x0000000011da0000]
 total_blobs=1740 nmethods=1359 adapters=293
 compilation: enabled

Compilation events (10 events):
Event: 45.925 Thread 0x0000000015374800 nmethod 1355 0x0000000003204550 code [0x00000000032046a0, 0x00000000032047d0]
Event: 45.925 Thread 0x0000000015374800 1356       3       org.gradle.internal.logging.sink.GroupingProgressLogEventGenerator::access$900 (4 bytes)
Event: 45.925 Thread 0x0000000015374800 nmethod 1356 0x0000000003207710 code [0x0000000003207860, 0x0000000003207990]
Event: 46.229 Thread 0x0000000015374800 1357       3       org.gradle.internal.logging.console.DefaultAnsiExecutor$AnsiContextImpl::withStyle (16 bytes)
Event: 46.230 Thread 0x0000000015374800 nmethod 1357 0x0000000003207a10 code [0x0000000003207be0, 0x00000000032083a8]
Event: 46.230 Thread 0x0000000015374800 1358       3       org.gradle.internal.logging.console.DefaultColorMap::getColourFor (12 bytes)
Event: 46.230 Thread 0x0000000015374800 nmethod 1358 0x0000000003208750 code [0x00000000032088e0, 0x0000000003208d18]
Event: 46.230 Thread 0x0000000015374800 1359       3       org.fusesource.jansi.Ansi::a (15 bytes)
Event: 46.230 Thread 0x0000000015374800 nmethod 1359 0x0000000003208e90 code [0x0000000003209000, 0x00000000032092b8]
Event: 46.926 Thread 0x0000000015374800 1360       3       org.gradle.internal.logging.console.WorkInProgressRenderer::renderNow (351 bytes)

GC Heap History (6 events):
Event: 2.118 GC heap before
{Heap before GC invocations=1 (full 0):
 PSYoungGen      total 18944K, used 16384K [0x00000000feb00000, 0x0000000100000000, 0x0000000100000000)
  eden space 16384K, 100% used [0x00000000feb00000,0x00000000ffb00000,0x00000000ffb00000)
  from space 2560K, 0% used [0x00000000ffd80000,0x00000000ffd80000,0x0000000100000000)
  to   space 2560K, 0% used [0x00000000ffb00000,0x00000000ffb00000,0x00000000ffd80000)
 ParOldGen       total 44032K, used 0K [0x00000000fc000000, 0x00000000feb00000, 0x00000000feb00000)
  object space 44032K, 0% used [0x00000000fc000000,0x00000000fc000000,0x00000000feb00000)
 Metaspace       used 6292K, capacity 6558K, committed 6784K, reserved 1056768K
  class space    used 760K, capacity 845K, committed 896K, reserved 1048576K
Event: 2.128 GC heap after
Heap after GC invocations=1 (full 0):
 PSYoungGen      total 18944K, used 2547K [0x00000000feb00000, 0x0000000100000000, 0x0000000100000000)
  eden space 16384K, 0% used [0x00000000feb00000,0x00000000feb00000,0x00000000ffb00000)
  from space 2560K, 99% used [0x00000000ffb00000,0x00000000ffd7ce60,0x00000000ffd80000)
  to   space 2560K, 0% used [0x00000000ffd80000,0x00000000ffd80000,0x0000000100000000)
 ParOldGen       total 44032K, used 81K [0x00000000fc000000, 0x00000000feb00000, 0x00000000feb00000)
  object space 44032K, 0% used [0x00000000fc000000,0x00000000fc014640,0x00000000feb00000)
 Metaspace       used 6292K, capacity 6558K, committed 6784K, reserved 1056768K
  class space    used 760K, capacity 845K, committed 896K, reserved 1048576K
}
Event: 2.765 GC heap before
{Heap before GC invocations=2 (full 0):
 PSYoungGen      total 18944K, used 18931K [0x00000000feb00000, 0x0000000100000000, 0x0000000100000000)
  eden space 16384K, 100% used [0x00000000feb00000,0x00000000ffb00000,0x00000000ffb00000)
  from space 2560K, 99% used [0x00000000ffb00000,0x00000000ffd7ce60,0x00000000ffd80000)
  to   space 2560K, 0% used [0x00000000ffd80000,0x00000000ffd80000,0x0000000100000000)
 ParOldGen       total 44032K, used 81K [0x00000000fc000000, 0x00000000feb00000, 0x00000000feb00000)
  object space 44032K, 0% used [0x00000000fc000000,0x00000000fc014640,0x00000000feb00000)
 Metaspace       used 8736K, capacity 8998K, committed 9216K, reserved 1056768K
  class space    used 1172K, capacity 1279K, committed 1280K, reserved 1048576K
Event: 2.773 GC heap after
Heap after GC invocations=2 (full 0):
 PSYoungGen      total 18944K, used 2550K [0x00000000feb00000, 0x0000000100000000, 0x0000000100000000)
  eden space 16384K, 0% used [0x00000000feb00000,0x00000000feb00000,0x00000000ffb00000)
  from space 2560K, 99% used [0x00000000ffd80000,0x00000000ffffd928,0x0000000100000000)
  to   space 2560K, 0% used [0x00000000ffb00000,0x00000000ffb00000,0x00000000ffd80000)
 ParOldGen       total 44032K, used 1549K [0x00000000fc000000, 0x00000000feb00000, 0x00000000feb00000)
  object space 44032K, 3% used [0x00000000fc000000,0x00000000fc183448,0x00000000feb00000)
 Metaspace       used 8736K, capacity 8998K, committed 9216K, reserved 1056768K
  class space    used 1172K, capacity 1279K, committed 1280K, reserved 1048576K
}
Event: 12.197 GC heap before
{Heap before GC invocations=3 (full 0):
 PSYoungGen      total 18944K, used 18934K [0x00000000feb00000, 0x0000000100000000, 0x0000000100000000)
  eden space 16384K, 100% used [0x00000000feb00000,0x00000000ffb00000,0x00000000ffb00000)
  from space 2560K, 99% used [0x00000000ffd80000,0x00000000ffffd928,0x0000000100000000)
  to   space 2560K, 0% used [0x00000000ffb00000,0x00000000ffb00000,0x00000000ffd80000)
 ParOldGen       total 44032K, used 1549K [0x00000000fc000000, 0x00000000feb00000, 0x00000000feb00000)
  object space 44032K, 3% used [0x00000000fc000000,0x00000000fc183448,0x00000000feb00000)
 Metaspace       used 12102K, capacity 12382K, committed 12544K, reserved 1060864K
  class space    used 1608K, capacity 1703K, committed 1792K, reserved 1048576K
Event: 12.205 GC heap after
Heap after GC invocations=3 (full 0):
 PSYoungGen      total 18944K, used 2528K [0x00000000feb00000, 0x0000000100000000, 0x0000000100000000)
  eden space 16384K, 0% used [0x00000000feb00000,0x00000000feb00000,0x00000000ffb00000)
  from space 2560K, 98% used [0x00000000ffb00000,0x00000000ffd78040,0x00000000ffd80000)
  to   space 2560K, 0% used [0x00000000ffd80000,0x00000000ffd80000,0x0000000100000000)
 ParOldGen       total 44032K, used 3871K [0x00000000fc000000, 0x00000000feb00000, 0x00000000feb00000)
  object space 44032K, 8% used [0x00000000fc000000,0x00000000fc3c7e60,0x00000000feb00000)
 Metaspace       used 12102K, capacity 12382K, committed 12544K, reserved 1060864K
  class space    used 1608K, capacity 1703K, committed 1792K, reserved 1048576K
}

Deoptimization events (10 events):
Event: 2.221 Thread 0x0000000002ca2800 Uncommon trap: reason=unstable_if action=reinterpret pc=0x0000000002f80e40 method=java.util.regex.Matcher.reset()Ljava/util/regex/Matcher; @ 47
Event: 2.221 Thread 0x0000000002ca2800 Uncommon trap: reason=class_check action=maybe_recompile pc=0x0000000002f8ef60 method=java.util.regex.Matcher.match(II)Z @ 86
Event: 2.221 Thread 0x0000000002ca2800 Uncommon trap: reason=class_check action=maybe_recompile pc=0x0000000002f8ef60 method=java.util.regex.Matcher.match(II)Z @ 86
Event: 2.222 Thread 0x0000000002ca2800 Uncommon trap: reason=class_check action=maybe_recompile pc=0x0000000002f8ef60 method=java.util.regex.Matcher.match(II)Z @ 86
Event: 2.222 Thread 0x0000000002ca2800 Uncommon trap: reason=class_check action=maybe_recompile pc=0x0000000002f8ef60 method=java.util.regex.Matcher.match(II)Z @ 86
Event: 2.968 Thread 0x0000000002ca2800 Uncommon trap: reason=unstable_if action=reinterpret pc=0x000000000303b474 method=java.util.HashMap.getNode(ILjava/lang/Object;)Ljava/util/HashMap$Node; @ 129
Event: 2.968 Thread 0x0000000002ca2800 Uncommon trap: reason=class_check action=maybe_recompile pc=0x0000000002ffb2b8 method=java.util.HashMap.putVal(ILjava/lang/Object;Ljava/lang/Object;ZZ)Ljava/lang/Object; @ 203
Event: 7.212 Thread 0x0000000017088000 Uncommon trap: reason=unstable_if action=reinterpret pc=0x000000000302bac4 method=java.util.HashMap.getNode(ILjava/lang/Object;)Ljava/util/HashMap$Node; @ 129
Event: 7.212 Thread 0x0000000017088000 Uncommon trap: reason=class_check action=maybe_recompile pc=0x0000000002ffb2b8 method=java.util.HashMap.putVal(ILjava/lang/Object;Ljava/lang/Object;ZZ)Ljava/lang/Object; @ 203
Event: 7.212 Thread 0x0000000017088000 Uncommon trap: reason=class_check action=maybe_recompile pc=0x0000000002ffb2b8 method=java.util.HashMap.putVal(ILjava/lang/Object;Ljava/lang/Object;ZZ)Ljava/lang/Object; @ 203

Classes redefined (0 events):
No events

Internal exceptions (10 events):
Event: 2.840 Thread 0x0000000002ca2800 Exception <a 'java/lang/ArrayIndexOutOfBoundsException'> (0x00000000fecad8c0) thrown at [C:\re\workspace\8-2-build-windows-amd64-cygwin\jdk8u202\12323\hotspot\src\share\vm\runtime\sharedRuntime.cpp, line 605]
Event: 2.841 Thread 0x0000000002ca2800 Exception <a 'java/lang/ArrayIndexOutOfBoundsException'> (0x00000000fecb1cc0) thrown at [C:\re\workspace\8-2-build-windows-amd64-cygwin\jdk8u202\12323\hotspot\src\share\vm\runtime\sharedRuntime.cpp, line 605]
Event: 2.854 Thread 0x0000000002ca2800 Exception <a 'java/lang/ArrayIndexOutOfBoundsException'> (0x00000000fed205d8) thrown at [C:\re\workspace\8-2-build-windows-amd64-cygwin\jdk8u202\12323\hotspot\src\share\vm\runtime\sharedRuntime.cpp, line 605]
Event: 2.856 Thread 0x0000000002ca2800 Exception <a 'java/lang/ArrayIndexOutOfBoundsException'> (0x00000000fed216a8) thrown at [C:\re\workspace\8-2-build-windows-amd64-cygwin\jdk8u202\12323\hotspot\src\share\vm\runtime\sharedRuntime.cpp, line 605]
Event: 2.856 Thread 0x0000000002ca2800 Exception <a 'java/lang/ArrayIndexOutOfBoundsException'> (0x00000000fed23f88) thrown at [C:\re\workspace\8-2-build-windows-amd64-cygwin\jdk8u202\12323\hotspot\src\share\vm\runtime\sharedRuntime.cpp, line 605]
Event: 2.856 Thread 0x0000000002ca2800 Exception <a 'java/lang/ArrayIndexOutOfBoundsException'> (0x00000000fed27ba0) thrown at [C:\re\workspace\8-2-build-windows-amd64-cygwin\jdk8u202\12323\hotspot\src\share\vm\runtime\sharedRuntime.cpp, line 605]
Event: 2.857 Thread 0x0000000002ca2800 Exception <a 'java/lang/ArrayIndexOutOfBoundsException'> (0x00000000fed29530) thrown at [C:\re\workspace\8-2-build-windows-amd64-cygwin\jdk8u202\12323\hotspot\src\share\vm\runtime\sharedRuntime.cpp, line 605]
Event: 2.857 Thread 0x0000000002ca2800 Exception <a 'java/lang/ArrayIndexOutOfBoundsException'> (0x00000000fed2b098) thrown at [C:\re\workspace\8-2-build-windows-amd64-cygwin\jdk8u202\12323\hotspot\src\share\vm\runtime\sharedRuntime.cpp, line 605]
Event: 2.857 Thread 0x0000000002ca2800 Exception <a 'java/lang/ArrayIndexOutOfBoundsException'> (0x00000000fed2d6b0) thrown at [C:\re\workspace\8-2-build-windows-amd64-cygwin\jdk8u202\12323\hotspot\src\share\vm\runtime\sharedRuntime.cpp, line 605]
Event: 6.744 Thread 0x0000000002ca2800 Exception <a 'java/net/ConnectException': Connection refused: no further information> (0x00000000ff36ddc0) thrown at [C:\re\workspace\8-2-build-windows-amd64-cygwin\jdk8u202\12323\hotspot\src\share\vm\prims\jni.cpp, line 736]

Events (10 events):
Event: 24.931 loading class com/google/common/collect/Lists$ReverseList
Event: 24.931 loading class com/google/common/collect/Lists$ReverseList done
Event: 24.932 loading class com/google/common/collect/Lists$RandomAccessReverseList
Event: 24.932 loading class com/google/common/collect/Lists$RandomAccessReverseList done
Event: 24.933 loading class com/google/common/collect/Lists$ReverseList$1
Event: 24.933 loading class com/google/common/collect/Lists$ReverseList$1 done
Event: 36.229 loading class com/google/common/base/Objects
Event: 36.229 loading class com/google/common/base/Objects done
Event: 36.230 loading class com/google/common/base/ExtraObjectsMethodsForWeb
Event: 36.230 loading class com/google/common/base/ExtraObjectsMethodsForWeb done


Dynamic libraries:
0x00007ff7cbc10000 - 0x00007ff7cbc47000 	C:\Program Files\Java\jdk1.8.0_202\jre\bin\java.exe
0x00007ffbe2180000 - 0x00007ffbe2389000 	C:\WINDOWS\SYSTEM32\ntdll.dll
0x00007ffbe06c0000 - 0x00007ffbe077d000 	C:\WINDOWS\System32\KERNEL32.DLL
0x00007ffbdf8a0000 - 0x00007ffbdfc14000 	C:\WINDOWS\System32\KERNELBASE.dll
0x00007ffbe0f60000 - 0x00007ffbe100e000 	C:\WINDOWS\System32\ADVAPI32.dll
0x00007ffbe1ab0000 - 0x00007ffbe1b53000 	C:\WINDOWS\System32\msvcrt.dll
0x00007ffbe0ec0000 - 0x00007ffbe0f5e000 	C:\WINDOWS\System32\sechost.dll
0x00007ffbe0a60000 - 0x00007ffbe0b80000 	C:\WINDOWS\System32\RPCRT4.dll
0x00007ffbe0d10000 - 0x00007ffbe0ebc000 	C:\WINDOWS\System32\USER32.dll
0x00007ffbdfc20000 - 0x00007ffbdfc46000 	C:\WINDOWS\System32\win32u.dll
0x00007ffbe0a30000 - 0x00007ffbe0a59000 	C:\WINDOWS\System32\GDI32.dll
0x00007ffbdfcf0000 - 0x00007ffbdfe02000 	C:\WINDOWS\System32\gdi32full.dll
0x00007ffbdfc50000 - 0x00007ffbdfced000 	C:\WINDOWS\System32\msvcp_win.dll
0x00007ffbdfe10000 - 0x00007ffbdff21000 	C:\WINDOWS\System32\ucrtbase.dll
0x00007ffbc03e0000 - 0x00007ffbc0685000 	C:\WINDOWS\WinSxS\amd64_microsoft.windows.common-controls_6595b64144ccf1df_6.0.22000.120_none_9d947278b86cc467\COMCTL32.dll
0x00007ffbe1a10000 - 0x00007ffbe1a41000 	C:\WINDOWS\System32\IMM32.DLL
0x0000000068840000 - 0x0000000068912000 	C:\Program Files\Java\jdk1.8.0_202\jre\bin\msvcr100.dll
0x0000000067f90000 - 0x0000000068835000 	C:\Program Files\Java\jdk1.8.0_202\jre\bin\server\jvm.dll
0x00007ffbe0b80000 - 0x00007ffbe0b88000 	C:\WINDOWS\System32\PSAPI.DLL
0x00007ffbba420000 - 0x00007ffbba429000 	C:\WINDOWS\SYSTEM32\WSOCK32.dll
0x00007ffbd7620000 - 0x00007ffbd7653000 	C:\WINDOWS\SYSTEM32\WINMM.dll
0x00007ffbd29a0000 - 0x00007ffbd29aa000 	C:\WINDOWS\SYSTEM32\VERSION.dll
0x00007ffbe1820000 - 0x00007ffbe188f000 	C:\WINDOWS\System32\ws2_32.DLL
0x00007ffbb9a10000 - 0x00007ffbb9a1f000 	C:\Program Files\Java\jdk1.8.0_202\jre\bin\verify.dll
0x00007ffb9e100000 - 0x00007ffb9e129000 	C:\Program Files\Java\jdk1.8.0_202\jre\bin\java.dll
0x00007ffb9e0e0000 - 0x00007ffb9e0f6000 	C:\Program Files\Java\jdk1.8.0_202\jre\bin\zip.dll
0x00007ffbe1050000 - 0x00007ffbe17fe000 	C:\WINDOWS\System32\SHELL32.dll
0x00007ffbdd7a0000 - 0x00007ffbde008000 	C:\WINDOWS\SYSTEM32\windows.storage.dll
0x00007ffbe1bd0000 - 0x00007ffbe1f48000 	C:\WINDOWS\System32\combase.dll
0x00007ffbdd630000 - 0x00007ffbdd796000 	C:\WINDOWS\SYSTEM32\wintypes.dll
0x00007ffbe0780000 - 0x00007ffbe086a000 	C:\WINDOWS\System32\SHCORE.dll
0x00007ffbe1a50000 - 0x00007ffbe1aad000 	C:\WINDOWS\System32\shlwapi.dll
0x00007ffbdf5a0000 - 0x00007ffbdf5c1000 	C:\WINDOWS\SYSTEM32\profapi.dll
0x00007ffb9e0c0000 - 0x00007ffb9e0da000 	C:\Program Files\Java\jdk1.8.0_202\jre\bin\net.dll
0x00007ffbd58d0000 - 0x00007ffbd5abf000 	C:\WINDOWS\SYSTEM32\urlmon.dll
0x00007ffbd55c0000 - 0x00007ffbd5873000 	C:\WINDOWS\SYSTEM32\iertutil.dll
0x00007ffbd5880000 - 0x00007ffbd58a8000 	C:\WINDOWS\SYSTEM32\srvcli.dll
0x00007ffbde250000 - 0x00007ffbde25c000 	C:\WINDOWS\SYSTEM32\netutils.dll
0x00007ffbdeb50000 - 0x00007ffbdebb7000 	C:\WINDOWS\system32\mswsock.dll
0x00007ffb9e0a0000 - 0x00007ffb9e0b2000 	C:\Program Files\Java\jdk1.8.0_202\jre\bin\nio.dll
0x00007ffb9e070000 - 0x00007ffb9e097000 	C:\Users\HP\.gradle\native\fdc75f09e3144964f2cf3f50f0aa648679c211496f362492102eb8c894070792\windows-amd64\native-platform.dll
0x00007ffb9ded0000 - 0x00007ffb9e066000 	C:\Users\HP\.gradle\native\12488b8bf47d2d4c9fbf2f6322a914ad602e24e48041cd04a747c6da556b65c4\windows-amd64\native-platform-file-events.dll
0x00007ffbb8c30000 - 0x00007ffbb8c3a000 	C:\Users\HP\.gradle\native\jansi\1.18\windows64\jansi.dll
0x00007ffbb81c0000 - 0x00007ffbb81cd000 	C:\Program Files\Java\jdk1.8.0_202\jre\bin\management.dll
0x00007ffbdee20000 - 0x00007ffbdee38000 	C:\WINDOWS\SYSTEM32\CRYPTSP.dll
0x00007ffbde690000 - 0x00007ffbde6c5000 	C:\WINDOWS\system32\rsaenh.dll
0x00007ffbdebf0000 - 0x00007ffbdec19000 	C:\WINDOWS\SYSTEM32\USERENV.dll
0x00007ffbdef60000 - 0x00007ffbdef87000 	C:\WINDOWS\SYSTEM32\bcrypt.dll
0x00007ffbdff30000 - 0x00007ffbdffaf000 	C:\WINDOWS\System32\bcryptprimitives.dll
0x00007ffbded40000 - 0x00007ffbded4c000 	C:\WINDOWS\SYSTEM32\CRYPTBASE.dll
0x00007ffbde260000 - 0x00007ffbde28d000 	C:\WINDOWS\SYSTEM32\IPHLPAPI.DLL
0x00007ffbe1010000 - 0x00007ffbe1019000 	C:\WINDOWS\System32\NSI.dll
0x00007ffbd5b30000 - 0x00007ffbd5b49000 	C:\WINDOWS\SYSTEM32\dhcpcsvc6.DLL
0x00007ffbd7000000 - 0x00007ffbd701e000 	C:\WINDOWS\SYSTEM32\dhcpcsvc.DLL
0x00007ffbde2d0000 - 0x00007ffbde3b7000 	C:\WINDOWS\SYSTEM32\DNSAPI.dll
0x00007ffbd5390000 - 0x00007ffbd539c000 	C:\WINDOWS\SYSTEM32\WINNSI.DLL

VM Arguments:
jvm_args: -Xmx64m -Xms64m -Dorg.gradle.appname=gradlew 
java_command: org.gradle.wrapper.GradleWrapperMain app:installDebug -PreactNativeDevServerPort=8081
java_class_path (initial): C:\Users\HP\Desktop\NoumanTestingApp-master\android\\gradle\wrapper\gradle-wrapper.jar
Launcher Type: SUN_STANDARD

Environment Variables:
JAVA_HOME=C:\Program Files\Java\jdk1.8.0_202\jre
CLASSPATH=C:\Users\HP\Desktop\NoumanTestingApp-master\android\\gradle\wrapper\gradle-wrapper.jar
PATH=C:\Users\HP\Desktop\NoumanTestingApp-master\android\node_modules\.bin;C:\Users\HP\Desktop\NoumanTestingApp-master\node_modules\.bin;C:\Users\HP\Desktop\node_modules\.bin;C:\Users\HP\node_modules\.bin;C:\Users\node_modules\.bin;C:\node_modules\.bin;C:\Program Files\nodejs;C:\Users\HP\Desktop\NoumanTestingApp-master\node_modules\.bin;C:\Program Files\NVIDIA GPU Computing Toolkit\CUDA\v11.5\bin;C:\Program Files\NVIDIA GPU Computing Toolkit\CUDA\v11.5\libnvvp;"C:\Program Files (x86)\Common Files\Oracle\Java\javapath;C:\Program Files\Java\jdk1.8.0_202\bin";C:\Program Files\Common Files\Oracle\Java\javapath;C:\Windows\system32;C:\Windows;C:\Windows\System32\Wbem;C:\Windows\System32\WindowsPowerShell\v1.0\;C:\Windows\System32\OpenSSH\;C:\Program Files\nodejs\;C:\Program Files\NVIDIA Corporation\NVIDIA NvDLISR;C:\Program Files (x86)\NVIDIA Corporation\PhysX\Common;C:\Program Files\Microsoft SQL Server\130\Tools\Binn\;C:\Program Files\dotnet\;C:\WINDOWS\system32;C:\WINDOWS;C:\WINDOWS\System32\Wbem;C:\WINDOWS\System32\WindowsPowerShell\v1.0\;C:\WINDOWS\System32\OpenSSH\;C:\Program Files\Git\cmd;C:\Users\HP\Downloads;C:\Users\HP\AppData\Local\Programs\Microsoft VS Code\bin;C:\Users\HP\.dotnet\tools;C:\Users\HP\AppData\Local\Microsoft\WindowsApps;C:\Users\HP\AppData\Local\GitHubDesktop\bin
USERNAME=HP
OS=Windows_NT
PROCESSOR_IDENTIFIER=Intel64 Family 6 Model 142 Stepping 10, GenuineIntel



---------------  S Y S T E M  ---------------

OS: Windows 10.0 , 64 bit Build 22000 (10.0.22000.434)

CPU:total 8 (initial active 8) (4 cores per cpu, 2 threads per core) family 6 model 142 stepping 10, cmov, cx8, fxsr, mmx, sse, sse2, sse3, ssse3, sse4.1, sse4.2, popcnt, avx, avx2, aes, clmul, erms, 3dnowpref, lzcnt, ht, tsc, tscinvbit, bmi1, bmi2, adx

Memory: 4k page, physical 8277204k(217500k free), swap 21049620k(0k free)

vm_info: Java HotSpot(TM) 64-Bit Server VM (25.202-b08) for windows-amd64 JRE (1.8.0_202-b08), built on Dec 15 2018 19:54:30 by "java_re" with MS VC++ 10.0 (VS2010)

time: Sat Apr 09 14:51:58 2022
timezone: Pakistan Standard Time
elapsed time: 46 seconds (0d 0h 0m 46s)

